<?xml version="1.0" encoding="UTF-8"?>
<beans xmlns="http://www.springframework.org/schema/beans" xmlns:xsi="http://www.w3.org/2001/XMLSchema-instance"
       xmlns:jdbc="http://www.springframework.org/schema/jdbc" xmlns:tx="http://www.springframework.org/schema/tx"
       xmlns:context="http://www.springframework.org/schema/context"
       xmlns:jpa="http://www.springframework.org/schema/data/jpa"
       xsi:schemaLocation="http://www.springframework.org/schema/beans http://www.springframework.org/schema/beans/spring-beans.xsd
	        http://www.springframework.org/schema/jdbc http://www.springframework.org/schema/jdbc/spring-jdbc-3.0.xsd
	        http://www.springframework.org/schema/tx http://www.springframework.org/schema/tx/spring-tx-3.0.xsd http://www.springframework.org/schema/context http://www.springframework.org/schema/context/spring-context.xsd http://www.springframework.org/schema/data/jpa http://www.springframework.org/schema/data/jpa/spring-jpa.xsd">

    <context:component-scan base-package="com.anmi.webapp.services"/>


     <bean name="embeddedDataSource" class="org.springframework.jdbc.datasource.embedded.EmbeddedDatabaseFactoryBean"/>
    <!--

        <prop key="hibernate.hbm2ddl.auto">update</prop> or <prop key="hibernate.hbm2ddl.auto">update</prop>
        Doesn't work with the following datasource:
        <jdbc:embedded-database id="dataSource" type="H2">
                <jdbc:script location="classpath:sql/schema/drop.sql" />
        </jdbc:embedded-database>
    -->

    <!--Entity manager-->
    <bean id="entityManagerFactory" class="org.springframework.orm.jpa.LocalContainerEntityManagerFactoryBean">
        <property name="dataSource" ref="embeddedDataSource"/>
        <property name="packagesToScan" value="com.anmi.webapp.entity" />

        <property name="jpaVendorAdapter">
            <bean class="org.springframework.orm.jpa.vendor.HibernateJpaVendorAdapter" />
        </property>
        <property name="jpaProperties">

            <props>
                <prop key="hibernate.dialect">org.hibernate.dialect.HSQLDialect</prop>
                <prop key="hibernate.show_sql">true</prop>
                <prop key="hibernate.hbm2ddl.auto">update</prop>
                <prop key="schemaUpdate">true</prop>

            </props>

        </property>

    </bean>


    <!-- Transaction manager-->
    <bean id="transactionManager" class="org.springframework.orm.jpa.JpaTransactionManager">
        <property name="entityManagerFactory" ref="entityManagerFactory"/>
    </bean>

    <!-- JPA Repositor-->
    <jpa:repositories base-package="com.anmi.webapp.services"/>

</beans>